<?xml version="1.0" encoding="UTF-8"?>
<testsuite xmlns:xsi="http://www.w3.org/2001/XMLSchema-instance" xsi:noNamespaceSchemaLocation="https://maven.apache.org/surefire/maven-surefire-plugin/xsd/surefire-test-report-3.0.xsd" version="3.0" name="ParameterizedPostsTest" time="0.139" tests="23" errors="0" skipped="0" failures="0">
  <properties>
    <property name="netbeans.deploy" value="true"/>
    <property name="java.specification.version" value="19"/>
    <property name="sun.cpu.isalist" value="amd64"/>
    <property name="sun.jnu.encoding" value="Cp1250"/>
    <property name="java.class.path" value="C:\Users\smier\Downloads\Java\WebLab3\target\test-classes;C:\Users\smier\Downloads\Java\WebLab3\target\classes;C:\Users\smier\.m2\repository\org\junit\jupiter\junit-jupiter-api\5.6.0\junit-jupiter-api-5.6.0.jar;C:\Users\smier\.m2\repository\org\apiguardian\apiguardian-api\1.1.0\apiguardian-api-1.1.0.jar;C:\Users\smier\.m2\repository\org\opentest4j\opentest4j\1.2.0\opentest4j-1.2.0.jar;C:\Users\smier\.m2\repository\org\junit\platform\junit-platform-commons\1.6.0\junit-platform-commons-1.6.0.jar;C:\Users\smier\.m2\repository\org\junit\jupiter\junit-jupiter-params\5.6.0\junit-jupiter-params-5.6.0.jar;C:\Users\smier\.m2\repository\org\junit\jupiter\junit-jupiter-engine\5.6.0\junit-jupiter-engine-5.6.0.jar;C:\Users\smier\.m2\repository\org\junit\platform\junit-platform-engine\1.6.0\junit-platform-engine-1.6.0.jar;C:\Users\smier\.m2\repository\jakarta\platform\jakarta.jakartaee-web-api\9.0.0\jakarta.jakartaee-web-api-9.0.0.jar;C:\Users\smier\.m2\repository\jakarta\xml\ws\jakarta.xml.ws-api\4.0.0\jakarta.xml.ws-api-4.0.0.jar;C:\Users\smier\.m2\repository\jakarta\xml\bind\jakarta.xml.bind-api\4.0.0\jakarta.xml.bind-api-4.0.0.jar;C:\Users\smier\.m2\repository\jakarta\activation\jakarta.activation-api\2.1.0\jakarta.activation-api-2.1.0.jar;C:\Users\smier\.m2\repository\jakarta\xml\soap\jakarta.xml.soap-api\3.0.0\jakarta.xml.soap-api-3.0.0.jar;"/>
    <property name="java.vm.vendor" value="Oracle Corporation"/>
    <property name="sun.arch.data.model" value="64"/>
    <property name="user.variant" value=""/>
    <property name="exec.appArgs" value=""/>
    <property name="java.vendor.url" value="https://java.oracle.com/"/>
    <property name="user.timezone" value="Europe/Warsaw"/>
    <property name="os.name" value="Windows 10"/>
    <property name="java.vm.specification.version" value="19"/>
    <property name="user.country" value="PL"/>
    <property name="sun.java.launcher" value="SUN_STANDARD"/>
    <property name="sun.boot.library.path" value="C:\Program Files\Java\jdk-19\bin"/>
    <property name="sun.java.command" value="C:\Users\smier\AppData\Local\Temp\surefire16800879745733050139\surefirebooter-20240210195718294_3.jar C:\Users\smier\AppData\Local\Temp\surefire16800879745733050139 2024-02-10T19-57-18_073-jvmRun1 surefire-20240210195718294_1tmp surefire_0-20240210195718294_2tmp"/>
    <property name="jdk.debug" value="release"/>
    <property name="exec.vmArgs" value=""/>
    <property name="surefire.test.class.path" value="C:\Users\smier\Downloads\Java\WebLab3\target\test-classes;C:\Users\smier\Downloads\Java\WebLab3\target\classes;C:\Users\smier\.m2\repository\org\junit\jupiter\junit-jupiter-api\5.6.0\junit-jupiter-api-5.6.0.jar;C:\Users\smier\.m2\repository\org\apiguardian\apiguardian-api\1.1.0\apiguardian-api-1.1.0.jar;C:\Users\smier\.m2\repository\org\opentest4j\opentest4j\1.2.0\opentest4j-1.2.0.jar;C:\Users\smier\.m2\repository\org\junit\platform\junit-platform-commons\1.6.0\junit-platform-commons-1.6.0.jar;C:\Users\smier\.m2\repository\org\junit\jupiter\junit-jupiter-params\5.6.0\junit-jupiter-params-5.6.0.jar;C:\Users\smier\.m2\repository\org\junit\jupiter\junit-jupiter-engine\5.6.0\junit-jupiter-engine-5.6.0.jar;C:\Users\smier\.m2\repository\org\junit\platform\junit-platform-engine\1.6.0\junit-platform-engine-1.6.0.jar;C:\Users\smier\.m2\repository\jakarta\platform\jakarta.jakartaee-web-api\9.0.0\jakarta.jakartaee-web-api-9.0.0.jar;C:\Users\smier\.m2\repository\jakarta\xml\ws\jakarta.xml.ws-api\4.0.0\jakarta.xml.ws-api-4.0.0.jar;C:\Users\smier\.m2\repository\jakarta\xml\bind\jakarta.xml.bind-api\4.0.0\jakarta.xml.bind-api-4.0.0.jar;C:\Users\smier\.m2\repository\jakarta\activation\jakarta.activation-api\2.1.0\jakarta.activation-api-2.1.0.jar;C:\Users\smier\.m2\repository\jakarta\xml\soap\jakarta.xml.soap-api\3.0.0\jakarta.xml.soap-api-3.0.0.jar;"/>
    <property name="sun.cpu.endian" value="little"/>
    <property name="user.home" value="C:\Users\smier"/>
    <property name="user.language" value="pl"/>
    <property name="java.specification.vendor" value="Oracle Corporation"/>
    <property name="java.version.date" value="2023-01-17"/>
    <property name="java.home" value="C:\Program Files\Java\jdk-19"/>
    <property name="file.separator" value="\"/>
    <property name="basedir" value="C:\Users\smier\Downloads\Java\WebLab3"/>
    <property name="java.vm.compressedOopsMode" value="Zero based"/>
    <property name="line.separator" value="&#10;"/>
    <property name="java.vm.specification.vendor" value="Oracle Corporation"/>
    <property name="java.specification.name" value="Java Platform API Specification"/>
    <property name="surefire.real.class.path" value="C:\Users\smier\AppData\Local\Temp\surefire16800879745733050139\surefirebooter-20240210195718294_3.jar"/>
    <property name="user.script" value=""/>
    <property name="sun.management.compiler" value="HotSpot 64-Bit Tiered Compilers"/>
    <property name="java.runtime.version" value="19.0.2+7-44"/>
    <property name="user.name" value="smier"/>
    <property name="stdout.encoding" value="Cp1250"/>
    <property name="path.separator" value=";"/>
    <property name="os.version" value="10.0"/>
    <property name="java.runtime.name" value="Java(TM) SE Runtime Environment"/>
    <property name="file.encoding" value="UTF-8"/>
    <property name="java.vm.name" value="Java HotSpot(TM) 64-Bit Server VM"/>
    <property name="maven.ext.class.path" value="C:\Program Files\NetBeans-19\netbeans\java\maven-nblib\netbeans-eventspy.jar"/>
    <property name="localRepository" value="C:\Users\smier\.m2\repository"/>
    <property name="java.vendor.url.bug" value="https://bugreport.java.com/bugreport/"/>
    <property name="java.io.tmpdir" value="C:\Users\smier\AppData\Local\Temp\"/>
    <property name="java.version" value="19.0.2"/>
    <property name="user.dir" value="C:\Users\smier\Downloads\Java\WebLab3"/>
    <property name="os.arch" value="amd64"/>
    <property name="java.vm.specification.name" value="Java Virtual Machine Specification"/>
    <property name="sun.os.patch.level" value=""/>
    <property name="native.encoding" value="Cp1250"/>
    <property name="java.library.path" value="C:\Program Files\Java\jdk-19\bin;C:\WINDOWS\Sun\Java\bin;C:\WINDOWS\system32;C:\WINDOWS;C:\Program Files\Eclipse Foundation\jdk-8.0.302.8-hotspot\bin;C:\Program Files\Microsoft\jdk-11.0.16.101-hotspot\bin;C:\Program Files\Common Files\Oracle\Java\javapath;C:\Program Files (x86)\Common Files\Oracle\Java\javapath;C:\PROGRA~2\Borland\CBUILD~1\Bin;C:\PROGRA~2\Borland\CBUILD~1\Projects\Bpl;C:\WINDOWS\system32;C:\WINDOWS;C:\WINDOWS\System32\Wbem;C:\WINDOWS\System32\WindowsPowerShell\v1.0\;C:\WINDOWS\System32\OpenSSH\;C:\Program Files\NVIDIA Corporation\NVIDIA NvDLISR;C:\Program Files (x86)\NVIDIA Corporation\PhysX\Common;C:\Program Files\Microsoft SQL Server\130\Tools\Binn\;C:\WINDOWS\system32;C:\WINDOWS;C:\WINDOWS\System32\Wbem;C:\WINDOWS\System32\WindowsPowerShell\v1.0\;C:\WINDOWS\System32\OpenSSH\;C:\Git\cmd;C;C:\Users\smier\AppData\Local\Microsoft\WindowsApps;C:\Users\smier\AppData\Local\Microsoft\WindowsApps;C:\Users\smier\AppData\Local\Programs\Microsoft VS Code\bin;."/>
    <property name="java.vm.info" value="mixed mode, sharing"/>
    <property name="stderr.encoding" value="Cp1250"/>
    <property name="java.vendor" value="Oracle Corporation"/>
    <property name="java.vm.version" value="19.0.2+7-44"/>
    <property name="sun.io.unicode.encoding" value="UnicodeLittle"/>
    <property name="java.class.version" value="63.0"/>
  </properties>
  <testcase name="addPost(String, String, String)[1]" classname="ParameterizedPostsTest" time="0.043"/>
  <testcase name="addPost(String, String, String)[2]" classname="ParameterizedPostsTest" time="0.001"/>
  <testcase name="addPost(String, String, String)[3]" classname="ParameterizedPostsTest" time="0.001"/>
  <testcase name="addPost(String, String, String)[4]" classname="ParameterizedPostsTest" time="0.001"/>
  <testcase name="deleteInvalidPost(int)[1]" classname="ParameterizedPostsTest" time="0.005"/>
  <testcase name="deleteInvalidPost(int)[2]" classname="ParameterizedPostsTest" time="0.001"/>
  <testcase name="deleteInvalidPost(int)[3]" classname="ParameterizedPostsTest" time="0.001"/>
  <testcase name="deleteInvalidPost(int)[4]" classname="ParameterizedPostsTest" time="0.0"/>
  <testcase name="deleteInvalidPost(int)[5]" classname="ParameterizedPostsTest" time="0.001"/>
  <testcase name="loadValidPosts(String)[1]" classname="ParameterizedPostsTest" time="0.002"/>
  <testcase name="searchValidPost(String)[1]" classname="ParameterizedPostsTest" time="0.007"/>
  <testcase name="searchValidPost(String)[2]" classname="ParameterizedPostsTest" time="0.001"/>
  <testcase name="searchValidPost(String)[3]" classname="ParameterizedPostsTest" time="0.0"/>
  <testcase name="searchInvalidPost(String)[1]" classname="ParameterizedPostsTest" time="0.0"/>
  <testcase name="searchInvalidPost(String)[2]" classname="ParameterizedPostsTest" time="0.001"/>
  <testcase name="searchInvalidPost(String)[3]" classname="ParameterizedPostsTest" time="0.001"/>
  <testcase name="searchInvalidPost(String)[4]" classname="ParameterizedPostsTest" time="0.001"/>
  <testcase name="searchInvalidPost(String)[5]" classname="ParameterizedPostsTest" time="0.001"/>
  <testcase name="searchInvalidPost(String)[6]" classname="ParameterizedPostsTest" time="0.0"/>
  <testcase name="searchInvalidPost(String)[7]" classname="ParameterizedPostsTest" time="0.001"/>
  <testcase name="searchInvalidPost(String)[8]" classname="ParameterizedPostsTest" time="0.002"/>
  <testcase name="searchInvalidPost(String)[9]" classname="ParameterizedPostsTest" time="0.001"/>
  <testcase name="searchInvalidPost(String)[10]" classname="ParameterizedPostsTest" time="0.002"/>
</testsuite>